[14-Aug-2025 20:39:25 +0000]: <0mlbtcp7> Plugin dolibarr_autologin initialisé
[14-Aug-2025 20:40:38 +0000]: <0mlbtcp7> Plugin dolibarr_autologin initialisé
[14-Aug-2025 20:41:03 +0000]: <0mlbtcp7> Plugin dolibarr_autologin initialisé
[14-Aug-2025 20:53:48 +0000]: <0mlbtcp7> Plugin dolibarr_autologin initialisé
[14-Aug-2025 20:53:48 +0000]: <0mlbtcp7> Tentative autologin pour: pierre.naitali@accens-avocats.com, token: 21831a3a1c180807d98fa1967149bde9
[14-Aug-2025 20:53:48 +0000]: <0mlbtcp7> Paramètres autologin configurés pour: pierre.naitali@accens-avocats.com
[14-Aug-2025 20:53:48 +0000]: <0mlbtcp7> Authentification autologin pour: pierre.naitali@accens-avocats.com
[14-Aug-2025 20:53:48 +0000]: <0mlbtcp7> Utilisateur Dolibarr trouvé: pin (pierre.naitali@accens-avocats.com)
[14-Aug-2025 20:54:08 +0000]: <0mlbtcp7> Plugin dolibarr_autologin initialisé
[14-Aug-2025 20:54:52 +0000]: <0mlbtcp7> Plugin dolibarr_autologin initialisé
[14-Aug-2025 20:54:52 +0000]: <0mlbtcp7> Tentative autologin pour: pierre.naitali@accens-avocats.com, token: 21831a3a1c180807d98fa1967149bde9
[14-Aug-2025 20:54:52 +0000]: <0mlbtcp7> Paramètres autologin configurés pour: pierre.naitali@accens-avocats.com
[14-Aug-2025 20:54:52 +0000]: <0mlbtcp7> Authentification autologin pour: pierre.naitali@accens-avocats.com
[14-Aug-2025 20:54:52 +0000]: <0mlbtcp7> Utilisateur Dolibarr trouvé: pin (pierre.naitali@accens-avocats.com)
[14-Aug-2025 20:55:23 +0000]: <0mlbtcp7> Plugin dolibarr_autologin initialisé
[14-Aug-2025 20:55:23 +0000]: <0mlbtcp7> Tentative autologin pour: pierre.naitali@accens-avocats.com, token: 21831a3a1c180807d98fa1967149bde9
[14-Aug-2025 20:55:23 +0000]: <0mlbtcp7> Paramètres autologin configurés pour: pierre.naitali@accens-avocats.com
[14-Aug-2025 20:55:23 +0000]: <0mlbtcp7> Authentification autologin pour: pierre.naitali@accens-avocats.com
[14-Aug-2025 20:55:23 +0000]: <0mlbtcp7> Utilisateur Dolibarr trouvé: pin (pierre.naitali@accens-avocats.com)
[14-Aug-2025 20:57:02 +0000]: <0mlbtcp7> Plugin dolibarr_autologin initialisé
[14-Aug-2025 20:57:54 +0000]: <0mlbtcp7> Plugin dolibarr_autologin initialisé
[14-Aug-2025 20:58:56 +0000]: <0mlbtcp7> Plugin dolibarr_autologin initialisé
[14-Aug-2025 20:58:56 +0000]: <0mlbtcp7> Tentative autologin pour: pierre.naitali@accens-avocats.com, token: 21831a3a1c180807d98fa1967149bde9
[14-Aug-2025 20:58:56 +0000]: <0mlbtcp7> Paramètres autologin configurés pour: pierre.naitali@accens-avocats.com
[14-Aug-2025 20:58:56 +0000]: <0mlbtcp7> Authentification autologin pour: pierre.naitali@accens-avocats.com
[14-Aug-2025 20:58:56 +0000]: <0mlbtcp7> Utilisateur Dolibarr trouvé: pin (pierre.naitali@accens-avocats.com)
[14-Aug-2025 21:01:47 +0000]: <0mlbtcp7> Plugin dolibarr_autologin initialisé
[14-Aug-2025 21:02:22 +0000]: <0mlbtcp7> Plugin dolibarr_autologin initialisé
[14-Aug-2025 21:02:22 +0000]: <0mlbtcp7> Tentative autologin pour: pierre.naitali@accens-avocats.com, token: 21831a3a1c180807d98fa1967149bde9
[14-Aug-2025 21:02:22 +0000]: <0mlbtcp7> Paramètres autologin configurés pour: pierre.naitali@accens-avocats.com
[14-Aug-2025 21:02:22 +0000]: <0mlbtcp7> Authentification autologin pour: pierre.naitali@accens-avocats.com
[14-Aug-2025 21:02:22 +0000]: <0mlbtcp7> Utilisateur Dolibarr trouvé: pin (pierre.naitali@accens-avocats.com)
[14-Aug-2025 21:02:22 +0000]: <0mlbtcp7> Utilisateur Roundcube créé: pierre.naitali@accens-avocats.com (ID: 1)
[14-Aug-2025 21:02:22 +0000]: <0mlbtcp7> Identité créée pour: pierre.naitali@accens-avocats.com (Pierre NAITALI)
[14-Aug-2025 21:02:22 +0000]: <0mlbtcp7> Autologin réussi pour: pierre.naitali@accens-avocats.com
[14-Aug-2025 21:02:34 +0000]: <0mlbtcp7> Plugin dolibarr_autologin initialisé
[14-Aug-2025 21:02:34 +0000]: <0mlbtcp7> Tentative autologin pour: pierre.naitali@accens-avocats.com, token: 21831a3a1c180807d98fa1967149bde9
[14-Aug-2025 21:02:34 +0000]: <0mlbtcp7> Paramètres autologin configurés pour: pierre.naitali@accens-avocats.com
[14-Aug-2025 21:02:34 +0000]: <0mlbtcp7> Authentification autologin pour: pierre.naitali@accens-avocats.com
[14-Aug-2025 21:02:34 +0000]: <0mlbtcp7> Utilisateur Dolibarr trouvé: pin (pierre.naitali@accens-avocats.com)
[14-Aug-2025 21:02:34 +0000]: <0mlbtcp7> Utilisateur Roundcube existant: pierre.naitali@accens-avocats.com (ID: 1)
[14-Aug-2025 21:02:34 +0000]: <0mlbtcp7> Autologin réussi pour: pierre.naitali@accens-avocats.com
[14-Aug-2025 21:06:50 +0000]: <0mlbtcp7> Plugin dolibarr_autologin initialisé
[14-Aug-2025 21:06:50 +0000]: <0mlbtcp7> Tentative autologin pour: pierre.naitali@accens-avocats.com, token: 21831a3a1c180807d98fa1967149bde9
[14-Aug-2025 21:06:50 +0000]: <0mlbtcp7> Paramètres autologin configurés pour: pierre.naitali@accens-avocats.com
[14-Aug-2025 21:06:50 +0000]: <0mlbtcp7> Authentification autologin pour: pierre.naitali@accens-avocats.com
[14-Aug-2025 21:06:50 +0000]: <0mlbtcp7> Utilisateur Dolibarr trouvé: pin (pierre.naitali@accens-avocats.com)
[14-Aug-2025 21:06:50 +0000]: <0mlbtcp7> Utilisateur Roundcube existant: pierre.naitali@accens-avocats.com (ID: 1)
[14-Aug-2025 21:06:50 +0000]: <0mlbtcp7> Autologin réussi pour: pierre.naitali@accens-avocats.com
[14-Aug-2025 21:06:56 +0000]: <0mlbtcp7> Plugin dolibarr_autologin initialisé
[14-Aug-2025 21:06:56 +0000]: <0mlbtcp7> Tentative autologin pour: pierre.naitali@accens-avocats.com, token: 21831a3a1c180807d98fa1967149bde9
[14-Aug-2025 21:06:56 +0000]: <0mlbtcp7> Paramètres autologin configurés pour: pierre.naitali@accens-avocats.com
[14-Aug-2025 21:06:56 +0000]: <0mlbtcp7> Authentification autologin pour: pierre.naitali@accens-avocats.com
[14-Aug-2025 21:06:56 +0000]: <0mlbtcp7> Utilisateur Dolibarr trouvé: pin (pierre.naitali@accens-avocats.com)
[14-Aug-2025 21:06:56 +0000]: <0mlbtcp7> Utilisateur Roundcube existant: pierre.naitali@accens-avocats.com (ID: 1)
[14-Aug-2025 21:06:56 +0000]: <0mlbtcp7> Autologin réussi pour: pierre.naitali@accens-avocats.com
[14-Aug-2025 21:06:58 +0000]: <0mlbtcp7> Plugin dolibarr_autologin initialisé
[14-Aug-2025 21:06:58 +0000]: <0mlbtcp7> Tentative autologin pour: pierre.naitali@accens-avocats.com, token: 21831a3a1c180807d98fa1967149bde9
[14-Aug-2025 21:06:58 +0000]: <0mlbtcp7> Paramètres autologin configurés pour: pierre.naitali@accens-avocats.com
[14-Aug-2025 21:06:58 +0000]: <0mlbtcp7> Authentification autologin pour: pierre.naitali@accens-avocats.com
[14-Aug-2025 21:06:58 +0000]: <0mlbtcp7> Utilisateur Dolibarr trouvé: pin (pierre.naitali@accens-avocats.com)
[14-Aug-2025 21:06:58 +0000]: <0mlbtcp7> Utilisateur Roundcube existant: pierre.naitali@accens-avocats.com (ID: 1)
[14-Aug-2025 21:06:58 +0000]: <0mlbtcp7> Autologin réussi pour: pierre.naitali@accens-avocats.com
[14-Aug-2025 21:07:06 +0000]: <0mlbtcp7> Plugin dolibarr_autologin initialisé
[14-Aug-2025 21:07:06 +0000]: <0mlbtcp7> Tentative autologin pour: pierre.naitali@accens-avocats.com, token: 21831a3a1c180807d98fa1967149bde9
[14-Aug-2025 21:07:06 +0000]: <0mlbtcp7> Paramètres autologin configurés pour: pierre.naitali@accens-avocats.com
[14-Aug-2025 21:07:06 +0000]: <0mlbtcp7> Authentification autologin pour: pierre.naitali@accens-avocats.com
[14-Aug-2025 21:07:06 +0000]: <0mlbtcp7> Utilisateur Dolibarr trouvé: pin (pierre.naitali@accens-avocats.com)
[14-Aug-2025 21:07:06 +0000]: <0mlbtcp7> Utilisateur Roundcube existant: pierre.naitali@accens-avocats.com (ID: 1)
[14-Aug-2025 21:07:06 +0000]: <0mlbtcp7> Autologin réussi pour: pierre.naitali@accens-avocats.com
[14-Aug-2025 21:07:12 +0000]: <0mlbtcp7> Plugin dolibarr_autologin initialisé
[14-Aug-2025 21:07:26 +0000]: <9m65i7dm> Plugin dolibarr_autologin initialisé
[14-Aug-2025 21:08:35 +0000]: <9m65i7dm> Plugin dolibarr_autologin initialisé
[14-Aug-2025 21:12:51 +0000]: <9m65i7dm> Plugin dolibarr_autologin initialisé
[14-Aug-2025 21:13:34 +0000]: <9m65i7dm> Plugin dolibarr_autologin initialisé
[14-Aug-2025 21:14:56 +0000]: <9m65i7dm> Plugin dolibarr_autologin initialisé
[14-Aug-2025 21:16:47 +0000]: <9m65i7dm> Plugin dolibarr_autologin initialisé
[14-Aug-2025 21:16:47 +0000]: <9m65i7dm> Tentative autologin pour: pierre.naitali@accens-avocats.com, token: test123
[14-Aug-2025 21:16:47 +0000]: <9m65i7dm> Paramètres autologin configurés pour: pierre.naitali@accens-avocats.com
[14-Aug-2025 21:16:47 +0000]: <9m65i7dm> Authentification autologin pour: pierre.naitali@accens-avocats.com
[14-Aug-2025 21:16:47 +0000]: <9m65i7dm> Utilisateur Dolibarr trouvé: pin (pierre.naitali@accens-avocats.com)
[14-Aug-2025 21:16:47 +0000]: <9m65i7dm> Utilisateur Roundcube existant: pierre.naitali@accens-avocats.com (ID: 1)
[14-Aug-2025 21:16:47 +0000]: <9m65i7dm> Autologin réussi pour: pierre.naitali@accens-avocats.com
[14-Aug-2025 21:18:17 +0000]: <9m65i7dm> Plugin dolibarr_autologin initialisé
[14-Aug-2025 21:18:17 +0000]: <9m65i7dm> Tentative autologin pour: pierre.naitali@accens-avocats.com, token: 21831a3a1c180807d98fa1967149bde9
[14-Aug-2025 21:18:17 +0000]: <9m65i7dm> Paramètres autologin configurés pour: pierre.naitali@accens-avocats.com
[14-Aug-2025 21:18:17 +0000]: <9m65i7dm> Authentification autologin pour: pierre.naitali@accens-avocats.com
[14-Aug-2025 21:18:17 +0000]: <9m65i7dm> Utilisateur Dolibarr trouvé: pin (pierre.naitali@accens-avocats.com)
[14-Aug-2025 21:18:17 +0000]: <9m65i7dm> Utilisateur Roundcube existant: pierre.naitali@accens-avocats.com (ID: 1)
[14-Aug-2025 21:18:17 +0000]: <9m65i7dm> Autologin réussi pour: pierre.naitali@accens-avocats.com
[14-Aug-2025 21:20:17 +0000]: <9m65i7dm> Plugin dolibarr_autologin initialisé
[14-Aug-2025 21:20:25 +0000]: <9m65i7dm> Plugin dolibarr_autologin initialisé
[14-Aug-2025 21:20:25 +0000]: <9m65i7dm> Tentative autologin pour: pierre.naitali@accens-avocats.com, token: test123
[14-Aug-2025 21:20:25 +0000]: <9m65i7dm> Paramètres autologin configurés pour: pierre.naitali@accens-avocats.com
[14-Aug-2025 21:20:25 +0000]: <9m65i7dm> Authentification autologin pour: pierre.naitali@accens-avocats.com
[14-Aug-2025 21:20:25 +0000]: <9m65i7dm> Utilisateur Dolibarr trouvé: pin (pierre.naitali@accens-avocats.com)
[14-Aug-2025 21:20:25 +0000]: <9m65i7dm> Utilisateur Roundcube existant: pierre.naitali@accens-avocats.com (ID: 1)
[14-Aug-2025 21:20:25 +0000]: <9m65i7dm> Autologin réussi pour: pierre.naitali@accens-avocats.com
[14-Aug-2025 21:22:25 +0000]: <9m65i7dm> Plugin dolibarr_autologin initialisé
[14-Aug-2025 21:22:25 +0000]: <9m65i7dm> Tentative autologin pour: pierre.naitali@accens-avocats.com, token: test123
[14-Aug-2025 21:22:25 +0000]: <9m65i7dm> Paramètres autologin configurés pour: pierre.naitali@accens-avocats.com
[14-Aug-2025 21:22:25 +0000]: <9m65i7dm> Authentification autologin pour: pierre.naitali@accens-avocats.com
[14-Aug-2025 21:22:25 +0000]: <9m65i7dm> Utilisateur Dolibarr trouvé: pin (pierre.naitali@accens-avocats.com)
[14-Aug-2025 21:22:25 +0000]: <9m65i7dm> Utilisateur Roundcube existant: pierre.naitali@accens-avocats.com (ID: 1)
[14-Aug-2025 21:22:25 +0000]: <9m65i7dm> Autologin réussi pour: pierre.naitali@accens-avocats.com
[14-Aug-2025 21:23:00 +0000]: <9m65i7dm> Plugin dolibarr_autologin initialisé
[14-Aug-2025 21:23:00 +0000]: <9m65i7dm> Tentative autologin pour: pierre.naitali@accens-avocats.com, token: 21831a3a1c180807d98fa1967149bde9
[14-Aug-2025 21:23:00 +0000]: <9m65i7dm> Paramètres autologin configurés pour: pierre.naitali@accens-avocats.com
[14-Aug-2025 21:23:00 +0000]: <9m65i7dm> Authentification autologin pour: pierre.naitali@accens-avocats.com
[14-Aug-2025 21:23:00 +0000]: <9m65i7dm> Utilisateur Dolibarr trouvé: pin (pierre.naitali@accens-avocats.com)
[14-Aug-2025 21:23:00 +0000]: <9m65i7dm> Utilisateur Roundcube existant: pierre.naitali@accens-avocats.com (ID: 1)
[14-Aug-2025 21:23:00 +0000]: <9m65i7dm> Autologin réussi pour: pierre.naitali@accens-avocats.com
[14-Aug-2025 21:24:34 +0000]: <9m65i7dm> Plugin dolibarr_autologin initialisé
[14-Aug-2025 21:24:34 +0000]: <9m65i7dm> Tentative autologin pour: pierre.naitali@accens-avocats.com, token: bbbbebb1b55d2d8daeab9fd289e10f8d
[14-Aug-2025 21:24:34 +0000]: <9m65i7dm> Paramètres autologin configurés pour: pierre.naitali@accens-avocats.com
[14-Aug-2025 21:24:34 +0000]: <9m65i7dm> Authentification autologin pour: pierre.naitali@accens-avocats.com
[14-Aug-2025 21:24:34 +0000]: <9m65i7dm> Utilisateur Dolibarr trouvé: pin (pierre.naitali@accens-avocats.com)
[14-Aug-2025 21:24:34 +0000]: <9m65i7dm> Utilisateur Roundcube existant: pierre.naitali@accens-avocats.com (ID: 1)
[14-Aug-2025 21:24:34 +0000]: <9m65i7dm> Autologin réussi pour: pierre.naitali@accens-avocats.com
[14-Aug-2025 21:24:47 +0000]: <9m65i7dm> Plugin dolibarr_autologin initialisé
[14-Aug-2025 21:25:15 +0000]: <9m65i7dm> Plugin dolibarr_autologin initialisé
[14-Aug-2025 21:25:15 +0000]: <9m65i7dm> Tentative autologin pour: pierre.naitali@accens-avocats.com, token: bbbbebb1b55d2d8daeab9fd289e10f8d
[14-Aug-2025 21:25:15 +0000]: <9m65i7dm> Paramètres autologin configurés pour: pierre.naitali@accens-avocats.com
[14-Aug-2025 21:25:15 +0000]: <9m65i7dm> Authentification autologin pour: pierre.naitali@accens-avocats.com
[14-Aug-2025 21:25:15 +0000]: <9m65i7dm> Utilisateur Dolibarr trouvé: pin (pierre.naitali@accens-avocats.com)
[14-Aug-2025 21:25:15 +0000]: <9m65i7dm> Utilisateur Roundcube existant: pierre.naitali@accens-avocats.com (ID: 1)
[14-Aug-2025 21:25:15 +0000]: <9m65i7dm> Autologin réussi pour: pierre.naitali@accens-avocats.com
[14-Aug-2025 21:28:01 +0000]: <9m65i7dm> Plugin dolibarr_autologin initialisé
[14-Aug-2025 21:28:01 +0000]: <9m65i7dm> Tentative autologin pour: pierre.naitali@accens-avocats.com, token: e004538f5ed030f510ed86d4c34d80a3
[14-Aug-2025 21:28:01 +0000]: <9m65i7dm> Paramètres autologin configurés pour: pierre.naitali@accens-avocats.com
[14-Aug-2025 21:28:01 +0000]: <9m65i7dm> Authentification autologin pour: pierre.naitali@accens-avocats.com
[14-Aug-2025 21:28:01 +0000]: <9m65i7dm> Utilisateur Dolibarr trouvé: pin (pierre.naitali@accens-avocats.com)
[14-Aug-2025 21:28:01 +0000]: <9m65i7dm> Utilisateur Roundcube existant: pierre.naitali@accens-avocats.com (ID: 1)
[14-Aug-2025 21:28:01 +0000]: <9m65i7dm> Autologin réussi pour: pierre.naitali@accens-avocats.com
[14-Aug-2025 21:28:09 +0000]: <9m65i7dm> Plugin dolibarr_autologin initialisé
[14-Aug-2025 21:42:23 +0000]: <9m65i7dm> Plugin dolibarr_autologin initialisé (version comptes webmail)
[14-Aug-2025 21:42:56 +0000]: <9m65i7dm> Plugin dolibarr_autologin initialisé (version comptes webmail)
[14-Aug-2025 21:42:56 +0000]: <9m65i7dm> Tentative autologin pour: pierre.naitali@accens-avocats.com, token: c949b805eb06e2c26bdc2a02151e85d8, account: 
[14-Aug-2025 21:42:56 +0000]: <9m65i7dm> Paramètres autologin configurés pour: pierre.naitali@accens-avocats.com (compte: )
[14-Aug-2025 21:42:56 +0000]: <9m65i7dm> Authentification autologin pour: pierre.naitali@accens-avocats.com (compte: )
[14-Aug-2025 21:42:56 +0000]: <9m65i7dm> Compte webmail trouvé: pierre.naitali@accens-avocats.com (ID: 2)
[14-Aug-2025 21:42:56 +0000]: <9m65i7dm> Utilisateur Roundcube existant: pierre.naitali@accens-avocats.com (ID: 1)
[14-Aug-2025 21:42:56 +0000]: <9m65i7dm> Autologin réussi pour: pierre.naitali@accens-avocats.com vers ssl://mail.accens-avocats.com:993
[14-Aug-2025 21:43:44 +0000]: <1s1r27pr> Plugin dolibarr_autologin initialisé (version comptes webmail)
[14-Aug-2025 21:43:49 +0000]: <1s1r27pr> Plugin dolibarr_autologin initialisé (version comptes webmail)
[14-Aug-2025 21:43:58 +0000]: <1s1r27pr> Plugin dolibarr_autologin initialisé (version comptes webmail)
[14-Aug-2025 21:44:01 +0000]: <1s1r27pr> Plugin dolibarr_autologin initialisé (version comptes webmail)
[14-Aug-2025 21:44:26 +0000]: <1s1r27pr> Plugin dolibarr_autologin initialisé (version comptes webmail)
[14-Aug-2025 21:44:26 +0000]: <1s1r27pr> Tentative autologin pour: pierre.naitali@accens-avocats.com, token: c949b805eb06e2c26bdc2a02151e85d8, account: 
[14-Aug-2025 21:44:26 +0000]: <1s1r27pr> Paramètres autologin configurés pour: pierre.naitali@accens-avocats.com (compte: )
[14-Aug-2025 21:44:26 +0000]: <1s1r27pr> Authentification autologin pour: pierre.naitali@accens-avocats.com (compte: )
[14-Aug-2025 21:44:26 +0000]: <1s1r27pr> Compte webmail trouvé: pierre.naitali@accens-avocats.com (ID: 2)
[14-Aug-2025 21:44:26 +0000]: <1s1r27pr> Utilisateur Roundcube existant: pierre.naitali@accens-avocats.com (ID: 1)
[14-Aug-2025 21:44:26 +0000]: <1s1r27pr> Autologin réussi pour: pierre.naitali@accens-avocats.com vers ssl://mail.accens-avocats.com:993
[14-Aug-2025 21:44:34 +0000]: <ii38q23i> Plugin dolibarr_autologin initialisé (version comptes webmail)
[14-Aug-2025 21:44:59 +0000]: <ii38q23i> Plugin dolibarr_autologin initialisé (version comptes webmail)
[14-Aug-2025 21:44:59 +0000]: <ii38q23i> Tentative autologin pour: pierre.naitali@accens-avocats.com, token: aeacfd56e7b5108cf61a7ce3dda514f2, account: 3
[14-Aug-2025 21:44:59 +0000]: <ii38q23i> Paramètres autologin configurés pour: pierre.naitali@accens-avocats.com (compte: 3)
[14-Aug-2025 21:44:59 +0000]: <ii38q23i> Authentification autologin pour: pierre.naitali@accens-avocats.com (compte: 3)
[14-Aug-2025 21:44:59 +0000]: <ii38q23i> Compte webmail trouvé: procedure@accens-avocats.com (ID: 3)
[14-Aug-2025 21:44:59 +0000]: <ii38q23i> Utilisateur Roundcube créé: procedure@accens-avocats.com (ID: 4)
[14-Aug-2025 21:44:59 +0000]: <ii38q23i> Identité créée pour: procedure@accens-avocats.com (Pierre NAITALI)
[14-Aug-2025 21:44:59 +0000]: <ii38q23i> Autologin réussi pour: procedure@accens-avocats.com vers ssl://mail.accens-avocats.com:993
[15-Aug-2025 07:27:20 +0000]: <27ucspll> Plugin dolibarr_autologin initialisé (version comptes webmail)
[15-Aug-2025 07:27:20 +0000]: <27ucspll> Tentative autologin pour: pierre.naitali@accens-avocats.com, token: 6312f9d84de06bd05de4e65fc6767dad, account: 2
[15-Aug-2025 07:27:20 +0000]: <27ucspll> Paramètres autologin configurés pour: pierre.naitali@accens-avocats.com (compte: 2)
[15-Aug-2025 07:27:20 +0000]: <27ucspll> Authentification autologin pour: pierre.naitali@accens-avocats.com (compte: 2)
[15-Aug-2025 07:27:20 +0000]: <27ucspll> Compte webmail trouvé: pierre.naitali@accens-avocats.com (ID: 2)
[15-Aug-2025 07:27:20 +0000]: <27ucspll> Utilisateur Roundcube existant: pierre.naitali@accens-avocats.com (ID: 1)
[15-Aug-2025 07:27:20 +0000]: <27ucspll> Autologin réussi pour: pierre.naitali@accens-avocats.com vers ssl://mail.accens-avocats.com:993
[15-Aug-2025 07:28:45 +0000]: <anri7eh7> Plugin dolibarr_autologin initialisé (version comptes webmail)
[15-Aug-2025 07:28:54 +0000]: <anri7eh7> Plugin dolibarr_autologin initialisé (version comptes webmail)
[15-Aug-2025 07:28:54 +0000]: <anri7eh7> Tentative autologin pour: pierre.naitali@accens-avocats.com, token: 04c21d5e15044ee5e4f6654ef4e031ca, account: 3
[15-Aug-2025 07:28:54 +0000]: <anri7eh7> Paramètres autologin configurés pour: pierre.naitali@accens-avocats.com (compte: 3)
[15-Aug-2025 07:28:54 +0000]: <anri7eh7> Authentification autologin pour: pierre.naitali@accens-avocats.com (compte: 3)
[15-Aug-2025 07:28:54 +0000]: <anri7eh7> Compte webmail trouvé: procedure@accens-avocats.com (ID: 3)
[15-Aug-2025 07:28:54 +0000]: <anri7eh7> Utilisateur Roundcube existant: procedure@accens-avocats.com (ID: 4)
[15-Aug-2025 07:28:54 +0000]: <anri7eh7> Autologin réussi pour: procedure@accens-avocats.com vers ssl://mail.accens-avocats.com:993
[16-Aug-2025 14:36:08 +0000]: <pdcjjsi6> Plugin dolibarr_autologin initialisé (version comptes webmail)
[16-Aug-2025 14:42:35 +0000]: <134oqlp6> Plugin dolibarr_autologin initialisé (version comptes webmail)
[16-Aug-2025 14:42:35 +0000]: <134oqlp6> Tentative autologin pour: pierre.naitali@accens-avocats.com, token: 25e519f20040bfcb49a4ef5b2beb8c46, account: 2
[16-Aug-2025 14:42:35 +0000]: <134oqlp6> Paramètres autologin configurés pour: pierre.naitali@accens-avocats.com (compte: 2)
[16-Aug-2025 14:42:35 +0000]: <134oqlp6> Authentification autologin pour: pierre.naitali@accens-avocats.com (compte: 2)
[16-Aug-2025 14:42:35 +0000]: <134oqlp6> Compte webmail trouvé: pierre.naitali@accens-avocats.com (ID: 2)
[16-Aug-2025 14:42:35 +0000]: <134oqlp6> Utilisateur Roundcube existant: pierre.naitali@accens-avocats.com (ID: 1)
[16-Aug-2025 14:42:35 +0000]: <134oqlp6> Autologin réussi pour: pierre.naitali@accens-avocats.com vers ssl://mail.accens-avocats.com:993
[16-Aug-2025 18:24:21 +0000]: <h8qf994g> Plugin dolibarr_autologin initialisé (version comptes webmail)
[16-Aug-2025 18:25:30 +0000]: <h8qf994g> Plugin dolibarr_autologin initialisé (version comptes webmail)
[16-Aug-2025 18:25:30 +0000]: <h8qf994g> Tentative autologin pour: pierre.naitali@accens-avocats.com, token: 56843787570a0f13cdbeda02d1e37818, account: 2
[16-Aug-2025 18:25:30 +0000]: <h8qf994g> Paramètres autologin configurés pour: pierre.naitali@accens-avocats.com (compte: 2)
[16-Aug-2025 18:25:30 +0000]: <h8qf994g> Authentification autologin pour: pierre.naitali@accens-avocats.com (compte: 2)
[16-Aug-2025 18:25:30 +0000]: <h8qf994g> Configuration autologin manquante (db_dsn)
[16-Aug-2025 18:28:14 +0000]: <h8qf994g> Plugin dolibarr_autologin initialisé (version comptes webmail)
[16-Aug-2025 18:28:14 +0000]: <h8qf994g> Tentative autologin pour: pierre.naitali@accens-avocats.com, token: 917ff08e38faf89d6d9dd8aac38cc8f3, account: 2
[16-Aug-2025 18:28:14 +0000]: <h8qf994g> Paramètres autologin configurés pour: pierre.naitali@accens-avocats.com (compte: 2)
[16-Aug-2025 18:28:14 +0000]: <h8qf994g> Authentification autologin pour: pierre.naitali@accens-avocats.com (compte: 2)
[16-Aug-2025 18:28:14 +0000]: <h8qf994g> Compte webmail trouvé: pierre.naitali@accens-avocats.com (ID: 2)
[16-Aug-2025 18:28:14 +0000]: <h8qf994g> Utilisateur Roundcube existant: pierre.naitali@accens-avocats.com (ID: 1)
[16-Aug-2025 18:28:14 +0000]: <h8qf994g> Autologin réussi pour: pierre.naitali@accens-avocats.com vers ssl://mail.accens-avocats.com:993
[16-Aug-2025 18:55:38 +0000]: <kvgo3v2u> Plugin dolibarr_autologin initialisé (version comptes webmail)
[16-Aug-2025 18:55:40 +0000]: <kvgo3v2u> Plugin dolibarr_autologin initialisé (version comptes webmail)
[16-Aug-2025 18:59:19 +0000]: <kvgo3v2u> Plugin dolibarr_autologin initialisé (version comptes webmail)
[16-Aug-2025 18:59:58 +0000]: <kvgo3v2u> Plugin dolibarr_autologin initialisé (version comptes webmail)
[16-Aug-2025 19:02:54 +0000]: <kvgo3v2u> Plugin dolibarr_autologin initialisé (version comptes webmail)
[16-Aug-2025 19:03:10 +0000]: <kvgo3v2u> Plugin dolibarr_autologin initialisé (version comptes webmail)
[16-Aug-2025 19:03:39 +0000]: <kvgo3v2u> Plugin dolibarr_autologin initialisé (version comptes webmail)
[16-Aug-2025 19:03:58 +0000]: <kvgo3v2u> Plugin dolibarr_autologin initialisé (version comptes webmail)
[16-Aug-2025 19:04:49 +0000]: <kvgo3v2u> Plugin dolibarr_autologin initialisé (version comptes webmail)
[16-Aug-2025 19:04:49 +0000]: <kvgo3v2u> Tentative autologin pour: pierre.naitali@accens-avocats.com, token: 6c7bc5bcfda696b8b17f0082253e6d68, account: 2
[16-Aug-2025 19:04:49 +0000]: <kvgo3v2u> Paramètres autologin configurés pour: pierre.naitali@accens-avocats.com (compte: 2)
[16-Aug-2025 19:04:49 +0000]: <kvgo3v2u> Authentification autologin pour: pierre.naitali@accens-avocats.com (compte: 2)
[16-Aug-2025 19:04:49 +0000]: <kvgo3v2u> Compte webmail trouvé: pierre.naitali@accens-avocats.com (ID: 2)
[16-Aug-2025 19:04:49 +0000]: <kvgo3v2u> Utilisateur Roundcube existant: pierre.naitali@accens-avocats.com (ID: 1)
[16-Aug-2025 19:04:49 +0000]: <kvgo3v2u> Autologin réussi pour: pierre.naitali@accens-avocats.com vers ssl://mail.accens-avocats.com:993
[16-Aug-2025 19:33:02 +0000]: <f9kqq3rr> Plugin dolibarr_autologin initialisé (version comptes webmail)
[16-Aug-2025 19:33:04 +0000]: <f9kqq3rr> Plugin dolibarr_autologin initialisé (version comptes webmail)
[16-Aug-2025 19:33:13 +0000]: <f9kqq3rr> Plugin dolibarr_autologin initialisé (version comptes webmail)
[16-Aug-2025 19:33:15 +0000]: <f9kqq3rr> Plugin dolibarr_autologin initialisé (version comptes webmail)
[16-Aug-2025 19:35:21 +0000]: <f9kqq3rr> Plugin dolibarr_autologin initialisé (version comptes webmail)
[16-Aug-2025 19:36:44 +0000]: <f9kqq3rr> Plugin dolibarr_autologin initialisé (version comptes webmail)
[16-Aug-2025 19:36:44 +0000]: <f9kqq3rr> Tentative autologin pour: pierre.naitali@accens-avocats.com, token: cb7d6ceb3f8b62b0236611efb889c5b1, account: 2
[16-Aug-2025 19:36:44 +0000]: <f9kqq3rr> Paramètres autologin configurés pour: pierre.naitali@accens-avocats.com (compte: 2)
[16-Aug-2025 19:36:44 +0000]: <f9kqq3rr> Authentification autologin pour: pierre.naitali@accens-avocats.com (compte: 2)
[16-Aug-2025 19:36:44 +0000]: <f9kqq3rr> Compte webmail trouvé: pierre.naitali@accens-avocats.com (ID: 2)
[16-Aug-2025 19:36:44 +0000]: <f9kqq3rr> Utilisateur Roundcube existant: pierre.naitali@accens-avocats.com (ID: 1)
[16-Aug-2025 19:36:44 +0000]: <f9kqq3rr> Autologin réussi pour: pierre.naitali@accens-avocats.com vers ssl://mail.accens-avocats.com:993
[16-Aug-2025 19:37:20 +0000]: <2svp4sgq> Plugin dolibarr_autologin initialisé (version comptes webmail)
[16-Aug-2025 19:37:27 +0000]: <2svp4sgq> Plugin dolibarr_autologin initialisé (version comptes webmail)
[16-Aug-2025 19:37:27 +0000]: <2svp4sgq> Tentative autologin pour: pierre.naitali@accens-avocats.com, token: 3b0e34a268eb93e2b6c8acb6f0287575, account: 3
[16-Aug-2025 19:37:27 +0000]: <2svp4sgq> Paramètres autologin configurés pour: pierre.naitali@accens-avocats.com (compte: 3)
[16-Aug-2025 19:37:27 +0000]: <2svp4sgq> Authentification autologin pour: pierre.naitali@accens-avocats.com (compte: 3)
[16-Aug-2025 19:37:27 +0000]: <2svp4sgq> Compte webmail trouvé: procedure@accens-avocats.com (ID: 3)
[16-Aug-2025 19:37:27 +0000]: <2svp4sgq> Utilisateur Roundcube existant: procedure@accens-avocats.com (ID: 4)
[16-Aug-2025 19:37:27 +0000]: <2svp4sgq> Autologin réussi pour: procedure@accens-avocats.com vers ssl://mail.accens-avocats.com:993
[16-Aug-2025 19:43:32 +0000]: <jo27qjf8> Plugin dolibarr_autologin initialisé (version comptes webmail)
[16-Aug-2025 19:43:34 +0000]: <jo27qjf8> Plugin dolibarr_autologin initialisé (version comptes webmail)
[16-Aug-2025 19:50:37 +0000]: <jo27qjf8> Plugin dolibarr_autologin initialisé (version comptes webmail)
[16-Aug-2025 19:50:45 +0000]: <jo27qjf8> Plugin dolibarr_autologin initialisé (version comptes webmail)
[16-Aug-2025 19:50:45 +0000]: <jo27qjf8> Tentative autologin pour: , token: , account: 
[16-Aug-2025 19:51:47 +0000]: <jo27qjf8> Plugin dolibarr_autologin initialisé (version comptes webmail)
[16-Aug-2025 19:51:47 +0000]: <jo27qjf8> Tentative autologin pour: pierre.naitali@accens-avocats.com, token: 38a1913b8e6cf7344a05be65a4b05c66, account: 2
[16-Aug-2025 19:51:47 +0000]: <jo27qjf8> Paramètres autologin configurés pour: pierre.naitali@accens-avocats.com (compte: 2)
[16-Aug-2025 19:51:47 +0000]: <jo27qjf8> Authentification autologin pour: pierre.naitali@accens-avocats.com (compte: 2)
[16-Aug-2025 19:51:48 +0000]: <jo27qjf8> Compte webmail trouvé: pierre.naitali@accens-avocats.com (ID: 2)
[16-Aug-2025 19:51:48 +0000]: <jo27qjf8> Utilisateur Roundcube existant: pierre.naitali@accens-avocats.com (ID: 1)
[16-Aug-2025 19:51:48 +0000]: <jo27qjf8> Autologin réussi pour: pierre.naitali@accens-avocats.com vers ssl://mail.accens-avocats.com:993
[16-Aug-2025 19:56:49 +0000]: <tes7f4c0> Plugin dolibarr_autologin initialisé (version comptes webmail)
[16-Aug-2025 19:56:51 +0000]: <tes7f4c0> Plugin dolibarr_autologin initialisé (version comptes webmail)
[16-Aug-2025 19:57:10 +0000]: <tes7f4c0> Plugin dolibarr_autologin initialisé (version comptes webmail)
[16-Aug-2025 19:57:28 +0000]: <tes7f4c0> Plugin dolibarr_autologin initialisé (version comptes webmail)
[16-Aug-2025 19:57:30 +0000]: <tes7f4c0> Plugin dolibarr_autologin initialisé (version comptes webmail)
[16-Aug-2025 19:57:42 +0000]: <tes7f4c0> Plugin dolibarr_autologin initialisé (version comptes webmail)
[16-Aug-2025 19:57:42 +0000]: <tes7f4c0> Tentative autologin pour: pierre.naitali@accens-avocats.com, token: d6dec6997d9100b143d4d847b974d2d5, account: 3
[16-Aug-2025 19:57:42 +0000]: <tes7f4c0> Paramètres autologin configurés pour: pierre.naitali@accens-avocats.com (compte: 3)
[16-Aug-2025 19:57:42 +0000]: <tes7f4c0> Authentification autologin pour: pierre.naitali@accens-avocats.com (compte: 3)
[16-Aug-2025 19:57:42 +0000]: <tes7f4c0> Compte webmail trouvé: procedure@accens-avocats.com (ID: 3)
[16-Aug-2025 19:57:42 +0000]: <tes7f4c0> Utilisateur Roundcube existant: procedure@accens-avocats.com (ID: 4)
[16-Aug-2025 19:57:42 +0000]: <tes7f4c0> Autologin réussi pour: procedure@accens-avocats.com vers ssl://mail.accens-avocats.com:993
[16-Aug-2025 19:57:55 +0000]: <gcn7cf8d> Plugin dolibarr_autologin initialisé (version comptes webmail)
[16-Aug-2025 19:57:55 +0000]: <gcn7cf8d> Tentative autologin pour: pierre.naitali@accens-avocats.com, token: 45df71249f272051fcd1c63c85f7424f, account: 2
[16-Aug-2025 19:57:55 +0000]: <gcn7cf8d> Paramètres autologin configurés pour: pierre.naitali@accens-avocats.com (compte: 2)
[16-Aug-2025 19:57:55 +0000]: <gcn7cf8d> Authentification autologin pour: pierre.naitali@accens-avocats.com (compte: 2)
[16-Aug-2025 19:57:55 +0000]: <gcn7cf8d> Compte webmail trouvé: pierre.naitali@accens-avocats.com (ID: 2)
[16-Aug-2025 19:57:55 +0000]: <gcn7cf8d> Utilisateur Roundcube existant: pierre.naitali@accens-avocats.com (ID: 1)
[16-Aug-2025 19:57:55 +0000]: <gcn7cf8d> Autologin réussi pour: pierre.naitali@accens-avocats.com vers ssl://mail.accens-avocats.com:993
[16-Aug-2025 19:58:27 +0000]: <i8ik9ij5> Plugin dolibarr_autologin initialisé (version comptes webmail)
[16-Aug-2025 19:59:32 +0000]: <i8ik9ij5> Plugin dolibarr_autologin initialisé (version comptes webmail)
[16-Aug-2025 19:59:39 +0000]: <i8ik9ij5> Plugin dolibarr_autologin initialisé (version comptes webmail)
[16-Aug-2025 19:59:39 +0000]: <i8ik9ij5> Tentative autologin pour: pierre.naitali@accens-avocats.com, token: 37c03d938b97553f3fbc95bf1c6aad30, account: 2
[16-Aug-2025 19:59:39 +0000]: <i8ik9ij5> Paramètres autologin configurés pour: pierre.naitali@accens-avocats.com (compte: 2)
[16-Aug-2025 19:59:39 +0000]: <i8ik9ij5> Authentification autologin pour: pierre.naitali@accens-avocats.com (compte: 2)
[16-Aug-2025 19:59:39 +0000]: <i8ik9ij5> Compte webmail trouvé: pierre.naitali@accens-avocats.com (ID: 2)
[16-Aug-2025 19:59:39 +0000]: <i8ik9ij5> Utilisateur Roundcube existant: pierre.naitali@accens-avocats.com (ID: 1)
[16-Aug-2025 19:59:39 +0000]: <i8ik9ij5> Autologin réussi pour: pierre.naitali@accens-avocats.com vers ssl://mail.accens-avocats.com:993
[16-Aug-2025 20:04:46 +0000]: <05ko1bir> Plugin dolibarr_autologin initialisé (version comptes webmail)
[16-Aug-2025 20:04:50 +0000]: <05ko1bir> Plugin dolibarr_autologin initialisé (version comptes webmail)
[16-Aug-2025 21:00:46 +0000]: <05ko1bir> Plugin dolibarr_autologin initialisé (version comptes webmail)
[16-Aug-2025 21:09:04 +0000]: <05ko1bir> Plugin dolibarr_autologin initialisé (version comptes webmail)
[16-Aug-2025 21:52:44 +0000]: <pci6m1tq> Plugin dolibarr_autologin initialisé (version comptes webmail)
[16-Aug-2025 22:00:53 +0000]: <pci6m1tq> Plugin dolibarr_autologin initialisé (version comptes webmail)
[17-Aug-2025 13:30:13 +0000]: <kiqi7j3u> Plugin dolibarr_autologin initialisé (version comptes webmail)
[17-Aug-2025 13:30:56 +0000]: <kiqi7j3u> Plugin dolibarr_autologin initialisé (version comptes webmail)
[17-Aug-2025 14:08:39 +0000]: <kiqi7j3u> Plugin dolibarr_autologin initialisé (version comptes webmail)
[17-Aug-2025 14:11:45 +0000]: <kiqi7j3u> Plugin dolibarr_autologin initialisé (version comptes webmail)
[17-Aug-2025 14:11:45 +0000]: <kiqi7j3u> Tentative autologin pour: pierre.naitali@accens-avocats.com, token: a910cbf6d6b215a22a6fb3aa80339b9e, account: 2
[17-Aug-2025 14:11:45 +0000]: <kiqi7j3u> Paramètres autologin configurés pour: pierre.naitali@accens-avocats.com (compte: 2)
[17-Aug-2025 14:11:45 +0000]: <kiqi7j3u> Authentification autologin pour: pierre.naitali@accens-avocats.com (compte: 2)
[17-Aug-2025 14:11:45 +0000]: <kiqi7j3u> Compte webmail trouvé: pierre.naitali@accens-avocats.com (ID: 2)
[17-Aug-2025 14:11:45 +0000]: <kiqi7j3u> Utilisateur Roundcube existant: pierre.naitali@accens-avocats.com (ID: 1)
[17-Aug-2025 14:11:45 +0000]: <kiqi7j3u> Autologin réussi pour: pierre.naitali@accens-avocats.com vers ssl://mail.accens-avocats.com:993
[17-Aug-2025 20:03:34 +0000]: <sj65tks9> Plugin dolibarr_autologin initialisé (version comptes webmail)
[17-Aug-2025 20:03:34 +0000]: <sj65tks9> Tentative autologin pour: pierre.naitali@accens-avocats.com, token: 44eec463c6f3711b5bb7da9f7a4c36df, account: 2
[17-Aug-2025 20:03:34 +0000]: <sj65tks9> Paramètres autologin configurés pour: pierre.naitali@accens-avocats.com (compte: 2)
[17-Aug-2025 20:03:34 +0000]: <sj65tks9> Authentification autologin pour: pierre.naitali@accens-avocats.com (compte: 2)
[17-Aug-2025 20:03:34 +0000]: <sj65tks9> Compte webmail trouvé: pierre.naitali@accens-avocats.com (ID: 2)
[17-Aug-2025 20:03:34 +0000]: <sj65tks9> Utilisateur Roundcube existant: pierre.naitali@accens-avocats.com (ID: 1)
[17-Aug-2025 20:03:34 +0000]: <sj65tks9> Autologin réussi pour: pierre.naitali@accens-avocats.com vers ssl://mail.accens-avocats.com:993
[17-Aug-2025 20:04:10 +0000]: <7vo3rj55> Plugin dolibarr_autologin initialisé (version comptes webmail)
[17-Aug-2025 20:04:14 +0000]: <7vo3rj55> Plugin dolibarr_autologin initialisé (version comptes webmail)
[17-Aug-2025 20:04:14 +0000]: <7vo3rj55> Tentative autologin pour: pierre.naitali@accens-avocats.com, token: ac9b8b60678dfe8a321a3f1edb7e4db0, account: 3
[17-Aug-2025 20:04:14 +0000]: <7vo3rj55> Paramètres autologin configurés pour: pierre.naitali@accens-avocats.com (compte: 3)
[17-Aug-2025 20:04:14 +0000]: <7vo3rj55> Authentification autologin pour: pierre.naitali@accens-avocats.com (compte: 3)
[17-Aug-2025 20:04:14 +0000]: <7vo3rj55> Compte webmail trouvé: procedure@accens-avocats.com (ID: 3)
[17-Aug-2025 20:04:14 +0000]: <7vo3rj55> Utilisateur Roundcube existant: procedure@accens-avocats.com (ID: 4)
[17-Aug-2025 20:04:14 +0000]: <7vo3rj55> Autologin réussi pour: procedure@accens-avocats.com vers ssl://mail.accens-avocats.com:993
[17-Aug-2025 20:04:28 +0000]: <auvrig35> Plugin dolibarr_autologin initialisé (version comptes webmail)
[17-Aug-2025 20:04:40 +0000]: <auvrig35> Plugin dolibarr_autologin initialisé (version comptes webmail)
[17-Aug-2025 20:04:41 +0000]: <auvrig35> Plugin dolibarr_autologin initialisé (version comptes webmail)
[17-Aug-2025 20:05:12 +0000]: <auvrig35> Plugin dolibarr_autologin initialisé (version comptes webmail)
[17-Aug-2025 20:05:12 +0000]: <auvrig35> Tentative autologin pour: pierre.naitali@accens-avocats.com, token: 08d10f2a9f1fc13e46b311f8eb24228c, account: 2
[17-Aug-2025 20:05:12 +0000]: <auvrig35> Paramètres autologin configurés pour: pierre.naitali@accens-avocats.com (compte: 2)
[17-Aug-2025 20:05:12 +0000]: <auvrig35> Authentification autologin pour: pierre.naitali@accens-avocats.com (compte: 2)
[17-Aug-2025 20:05:12 +0000]: <auvrig35> Compte webmail trouvé: pierre.naitali@accens-avocats.com (ID: 2)
[17-Aug-2025 20:05:12 +0000]: <auvrig35> Utilisateur Roundcube existant: pierre.naitali@accens-avocats.com (ID: 1)
[17-Aug-2025 20:05:12 +0000]: <auvrig35> Autologin réussi pour: pierre.naitali@accens-avocats.com vers ssl://mail.accens-avocats.com:993
[17-Aug-2025 20:05:24 +0000]: <bapis391> Plugin dolibarr_autologin initialisé (version comptes webmail)
[17-Aug-2025 20:05:43 +0000]: <l43tbe7b> Plugin dolibarr_autologin initialisé (version comptes webmail)
[17-Aug-2025 20:05:54 +0000]: <l43tbe7b> Plugin dolibarr_autologin initialisé (version comptes webmail)
[17-Aug-2025 20:06:12 +0000]: <l43tbe7b> Plugin dolibarr_autologin initialisé (version comptes webmail)
[17-Aug-2025 20:06:12 +0000]: <l43tbe7b> Tentative autologin pour: pierre.naitali@accens-avocats.com, token: ab17720db6bdbb9c7172fbdec5fd4a39, account: 3
[17-Aug-2025 20:06:12 +0000]: <l43tbe7b> Paramètres autologin configurés pour: pierre.naitali@accens-avocats.com (compte: 3)
[17-Aug-2025 20:06:12 +0000]: <l43tbe7b> Authentification autologin pour: pierre.naitali@accens-avocats.com (compte: 3)
[17-Aug-2025 20:06:12 +0000]: <l43tbe7b> Compte webmail trouvé: procedure@accens-avocats.com (ID: 3)
[17-Aug-2025 20:06:12 +0000]: <l43tbe7b> Utilisateur Roundcube existant: procedure@accens-avocats.com (ID: 4)
[17-Aug-2025 20:06:12 +0000]: <l43tbe7b> Autologin réussi pour: procedure@accens-avocats.com vers ssl://mail.accens-avocats.com:993
[17-Aug-2025 20:06:26 +0000]: <7fme47tn> Plugin dolibarr_autologin initialisé (version comptes webmail)
[17-Aug-2025 20:06:37 +0000]: <7fme47tn> Plugin dolibarr_autologin initialisé (version comptes webmail)
[17-Aug-2025 20:09:45 +0000]: <7fme47tn> Plugin dolibarr_autologin initialisé (version comptes webmail)
[17-Aug-2025 20:09:45 +0000]: <7fme47tn> Tentative autologin pour: pierre.naitali@accens-avocats.com, token: c229cf263bf9964ba36df93776af9318, account: 2
[17-Aug-2025 20:09:45 +0000]: <7fme47tn> Paramètres autologin configurés pour: pierre.naitali@accens-avocats.com (compte: 2)
[17-Aug-2025 20:09:45 +0000]: <7fme47tn> Authentification autologin pour: pierre.naitali@accens-avocats.com (compte: 2)
[17-Aug-2025 20:09:45 +0000]: <7fme47tn> Compte webmail trouvé: pierre.naitali@accens-avocats.com (ID: 2)
[17-Aug-2025 20:09:45 +0000]: <7fme47tn> Utilisateur Roundcube existant: pierre.naitali@accens-avocats.com (ID: 1)
[17-Aug-2025 20:09:45 +0000]: <7fme47tn> Autologin réussi pour: pierre.naitali@accens-avocats.com vers ssl://mail.accens-avocats.com:993
[17-Aug-2025 21:57:46 +0000]: <07tmccsa> Plugin dolibarr_autologin initialisé (version comptes webmail)
[17-Aug-2025 21:57:57 +0000]: <07tmccsa> Plugin dolibarr_autologin initialisé (version comptes webmail)
[17-Aug-2025 21:57:57 +0000]: <07tmccsa> Tentative autologin pour: pierre.naitali@accens-avocats.com, token: 230980a12c38aef3588abaa238b6948e, account: 3
[17-Aug-2025 21:57:57 +0000]: <07tmccsa> Paramètres autologin configurés pour: pierre.naitali@accens-avocats.com (compte: 3)
[17-Aug-2025 21:57:57 +0000]: <07tmccsa> Authentification autologin pour: pierre.naitali@accens-avocats.com (compte: 3)
[17-Aug-2025 21:57:57 +0000]: <07tmccsa> Compte webmail trouvé: procedure@accens-avocats.com (ID: 3)
[17-Aug-2025 21:57:57 +0000]: <07tmccsa> Utilisateur Roundcube existant: procedure@accens-avocats.com (ID: 4)
[17-Aug-2025 21:57:57 +0000]: <07tmccsa> Autologin réussi pour: procedure@accens-avocats.com vers ssl://mail.accens-avocats.com:993
[17-Aug-2025 21:59:43 +0000]: <knf4e6an> Plugin dolibarr_autologin initialisé (version comptes webmail)
[17-Aug-2025 21:59:47 +0000]: <knf4e6an> Plugin dolibarr_autologin initialisé (version comptes webmail)
[18-Aug-2025 11:39:32 +0000]: <3l6cta65> Plugin dolibarr_autologin initialisé (version comptes webmail)
[18-Aug-2025 11:39:37 +0000]: <3l6cta65> Plugin dolibarr_autologin initialisé (version comptes webmail)
[18-Aug-2025 11:43:31 +0000]: <52u4t1rq> Plugin dolibarr_autologin initialisé (version comptes webmail)
[18-Aug-2025 11:44:06 +0000]: <52u4t1rq> Plugin dolibarr_autologin initialisé (version comptes webmail)
[18-Aug-2025 11:44:06 +0000]: <52u4t1rq> Tentative autologin pour: pierre.naitali@accens-avocats.com, token: 6eb8b8a5e4c7deafd65ba423e8621ea0, account: 2
[18-Aug-2025 11:44:06 +0000]: <52u4t1rq> Paramètres autologin configurés pour: pierre.naitali@accens-avocats.com (compte: 2)
[18-Aug-2025 11:44:06 +0000]: <52u4t1rq> Authentification autologin pour: pierre.naitali@accens-avocats.com (compte: 2)
[18-Aug-2025 11:44:06 +0000]: <52u4t1rq> Compte webmail trouvé: pierre.naitali@accens-avocats.com (ID: 2)
[18-Aug-2025 11:44:06 +0000]: <52u4t1rq> Utilisateur Roundcube existant: pierre.naitali@accens-avocats.com (ID: 1)
[18-Aug-2025 11:44:06 +0000]: <52u4t1rq> Autologin réussi pour: pierre.naitali@accens-avocats.com vers ssl://mail.accens-avocats.com:993
[18-Aug-2025 11:44:58 +0000]: <ef2cl5n0> Plugin dolibarr_autologin initialisé (version comptes webmail)
[18-Aug-2025 11:44:58 +0000]: <qfoobor7> Plugin dolibarr_autologin initialisé (version comptes webmail)
[18-Aug-2025 13:48:29 +0000]: <vvimlan7> Plugin dolibarr_autologin initialisé (version comptes webmail)
[18-Aug-2025 13:48:29 +0000]: <ajeij6gk> Plugin dolibarr_autologin initialisé (version comptes webmail)
[18-Aug-2025 13:59:00 +0000]: Plugin dolibarr_autologin initialisé (version comptes webmail)
[18-Aug-2025 13:59:23 +0000]: Plugin dolibarr_autologin initialisé (version comptes webmail)
[18-Aug-2025 14:25:38 +0000]: <ta1u6m18> Plugin dolibarr_autologin initialisé (version comptes webmail)
[18-Aug-2025 14:25:38 +0000]: <0jamvena> Plugin dolibarr_autologin initialisé (version comptes webmail)
[18-Aug-2025 23:03:10 +0000]: <ajcj022s> Plugin dolibarr_autologin initialisé (version comptes webmail)
[18-Aug-2025 23:04:05 +0000]: <ajcj022s> Plugin dolibarr_autologin initialisé (version comptes webmail)
[18-Aug-2025 23:16:16 +0000]: <s0liv5j2> Plugin dolibarr_autologin initialisé (version comptes webmail)
[18-Aug-2025 23:16:16 +0000]: <s0liv5j2> Tentative autologin pour: pierre.naitali@accens-avocats.com, token: 6ed7047af67306fdeb7180f3143e292c, account: 2
[18-Aug-2025 23:16:16 +0000]: <s0liv5j2> Paramètres autologin configurés pour: pierre.naitali@accens-avocats.com (compte: 2)
[18-Aug-2025 23:16:16 +0000]: <s0liv5j2> Authentification autologin pour: pierre.naitali@accens-avocats.com (compte: 2)
[18-Aug-2025 23:16:16 +0000]: <s0liv5j2> Compte webmail trouvé: pierre.naitali@accens-avocats.com (ID: 2)
[18-Aug-2025 23:16:16 +0000]: <s0liv5j2> Utilisateur Roundcube existant: pierre.naitali@accens-avocats.com (ID: 1)
[18-Aug-2025 23:16:16 +0000]: <s0liv5j2> Autologin réussi pour: pierre.naitali@accens-avocats.com vers ssl://mail.accens-avocats.com:993
[18-Aug-2025 23:33:10 +0000]: <bjmv8oud> Plugin dolibarr_autologin initialisé (version comptes webmail)
[18-Aug-2025 23:33:15 +0000]: <bjmv8oud> Plugin dolibarr_autologin initialisé (version comptes webmail)
[19-Aug-2025 22:28:52 +0000]: <v7p4nt5v> Plugin dolibarr_autologin initialisé (version comptes webmail)
[19-Aug-2025 22:28:58 +0000]: <v7p4nt5v> Plugin dolibarr_autologin initialisé (version comptes webmail)
[19-Aug-2025 23:24:28 +0000]: <4oialct7> Plugin dolibarr_autologin initialisé (version comptes webmail)
[19-Aug-2025 23:24:28 +0000]: <a7p2cj6d> Plugin dolibarr_autologin initialisé (version comptes webmail)
[20-Aug-2025 13:07:17 +0000]: <f52et4ki> Plugin dolibarr_autologin initialisé (version comptes webmail)
[20-Aug-2025 13:07:21 +0000]: <f52et4ki> Plugin dolibarr_autologin initialisé (version comptes webmail)
[20-Aug-2025 13:31:21 +0000]: <po2f9geo> Plugin dolibarr_autologin initialisé (version comptes webmail)
[20-Aug-2025 13:32:31 +0000]: <po2f9geo> Plugin dolibarr_autologin initialisé (version comptes webmail)
[20-Aug-2025 13:32:31 +0000]: <po2f9geo> Tentative autologin pour: pierre.naitali@accens-avocats.com, token: 747e60760f66885ceed6375df066b6b8, account: 2
[20-Aug-2025 13:32:31 +0000]: <po2f9geo> Paramètres autologin configurés pour: pierre.naitali@accens-avocats.com (compte: 2)
[20-Aug-2025 13:32:31 +0000]: <po2f9geo> Authentification autologin pour: pierre.naitali@accens-avocats.com (compte: 2)
[20-Aug-2025 13:32:31 +0000]: <po2f9geo> Compte webmail trouvé: pierre.naitali@accens-avocats.com (ID: 2)
[20-Aug-2025 13:32:31 +0000]: <po2f9geo> Utilisateur Roundcube existant: pierre.naitali@accens-avocats.com (ID: 1)
[20-Aug-2025 13:32:31 +0000]: <po2f9geo> Autologin réussi pour: pierre.naitali@accens-avocats.com vers ssl://mail.accens-avocats.com:993
[20-Aug-2025 13:47:23 +0000]: <gan55tkv> Plugin dolibarr_autologin initialisé (version comptes webmail)
[20-Aug-2025 13:47:38 +0000]: <gan55tkv> Plugin dolibarr_autologin initialisé (version comptes webmail)
[20-Aug-2025 13:47:40 +0000]: <gan55tkv> Plugin dolibarr_autologin initialisé (version comptes webmail)
[20-Aug-2025 13:47:43 +0000]: <gan55tkv> Plugin dolibarr_autologin initialisé (version comptes webmail)
[20-Aug-2025 13:47:43 +0000]: <gan55tkv> Tentative autologin pour: pierre.naitali@accens-avocats.com, token: 2706b9939d6627749abc04571bbcdb22, account: 3
[20-Aug-2025 13:47:43 +0000]: <gan55tkv> Paramètres autologin configurés pour: pierre.naitali@accens-avocats.com (compte: 3)
[20-Aug-2025 13:47:43 +0000]: <gan55tkv> Authentification autologin pour: pierre.naitali@accens-avocats.com (compte: 3)
[20-Aug-2025 13:47:43 +0000]: <gan55tkv> Compte webmail trouvé: procedure@accens-avocats.com (ID: 3)
[20-Aug-2025 13:47:43 +0000]: <gan55tkv> Utilisateur Roundcube existant: procedure@accens-avocats.com (ID: 4)
[20-Aug-2025 13:47:43 +0000]: <gan55tkv> Autologin réussi pour: procedure@accens-avocats.com vers ssl://mail.accens-avocats.com:993
[20-Aug-2025 14:50:39 +0000]: <8oe4od8j> Plugin dolibarr_autologin initialisé (version comptes webmail)
[20-Aug-2025 14:50:44 +0000]: <8oe4od8j> Plugin dolibarr_autologin initialisé (version comptes webmail)
[20-Aug-2025 14:50:55 +0000]: <o08rivhd> Plugin dolibarr_autologin initialisé (version comptes webmail)
[20-Aug-2025 14:54:37 +0000]: <o08rivhd> Plugin dolibarr_autologin initialisé (version comptes webmail)
[20-Aug-2025 14:54:43 +0000]: <o08rivhd> Plugin dolibarr_autologin initialisé (version comptes webmail)
[20-Aug-2025 15:02:33 +0000]: <n4se4cam> Plugin dolibarr_autologin initialisé (version comptes webmail)
[20-Aug-2025 15:02:36 +0000]: <n4se4cam> Plugin dolibarr_autologin initialisé (version comptes webmail)
[20-Aug-2025 15:20:04 +0000]: <d0755gbl> Plugin dolibarr_autologin initialisé (version comptes webmail)
[20-Aug-2025 15:22:30 +0000]: <d0755gbl> Plugin dolibarr_autologin initialisé (version comptes webmail)
[20-Aug-2025 15:22:33 +0000]: <d0755gbl> Plugin dolibarr_autologin initialisé (version comptes webmail)
[20-Aug-2025 15:22:34 +0000]: <d0755gbl> Plugin dolibarr_autologin initialisé (version comptes webmail)
[20-Aug-2025 15:23:30 +0000]: <d0755gbl> Plugin dolibarr_autologin initialisé (version comptes webmail)
[20-Aug-2025 15:23:44 +0000]: <d0755gbl> Plugin dolibarr_autologin initialisé (version comptes webmail)
[20-Aug-2025 15:26:47 +0000]: <d0755gbl> Plugin dolibarr_autologin initialisé (version comptes webmail)
[20-Aug-2025 15:26:50 +0000]: <d0755gbl> Plugin dolibarr_autologin initialisé (version comptes webmail)
[20-Aug-2025 15:28:25 +0000]: <jbgl2gsv> Plugin dolibarr_autologin initialisé (version comptes webmail)
[20-Aug-2025 15:28:27 +0000]: <jbgl2gsv> Plugin dolibarr_autologin initialisé (version comptes webmail)
[20-Aug-2025 15:28:33 +0000]: <qoqqb46c> Plugin dolibarr_autologin initialisé (version comptes webmail)
[20-Aug-2025 15:28:36 +0000]: <qoqqb46c> Plugin dolibarr_autologin initialisé (version comptes webmail)
[20-Aug-2025 15:28:37 +0000]: <qoqqb46c> Plugin dolibarr_autologin initialisé (version comptes webmail)
[20-Aug-2025 15:28:39 +0000]: <qoqqb46c> Plugin dolibarr_autologin initialisé (version comptes webmail)
[20-Aug-2025 15:28:39 +0000]: <9u0iej2p> Plugin dolibarr_autologin initialisé (version comptes webmail)
[20-Aug-2025 15:30:07 +0000]: <9u0iej2p> Plugin dolibarr_autologin initialisé (version comptes webmail)
[20-Aug-2025 15:30:09 +0000]: <9u0iej2p> Plugin dolibarr_autologin initialisé (version comptes webmail)
[20-Aug-2025 15:30:11 +0000]: <9u0iej2p> Plugin dolibarr_autologin initialisé (version comptes webmail)
[20-Aug-2025 15:30:12 +0000]: <9u0iej2p> Plugin dolibarr_autologin initialisé (version comptes webmail)
[20-Aug-2025 15:30:13 +0000]: <rlu1qcq2> Plugin dolibarr_autologin initialisé (version comptes webmail)
[20-Aug-2025 15:36:47 +0000]: <rlu1qcq2> Plugin dolibarr_autologin initialisé (version comptes webmail)
[20-Aug-2025 15:36:54 +0000]: <rlu1qcq2> Plugin dolibarr_autologin initialisé (version comptes webmail)
[20-Aug-2025 15:43:39 +0000]: <rlu1qcq2> Plugin dolibarr_autologin initialisé (version comptes webmail)
[20-Aug-2025 15:43:42 +0000]: <rlu1qcq2> Plugin dolibarr_autologin initialisé (version comptes webmail)
[20-Aug-2025 15:43:43 +0000]: <rlu1qcq2> Plugin dolibarr_autologin initialisé (version comptes webmail)
[20-Aug-2025 15:45:48 +0000]: <fvt46iao> Plugin dolibarr_autologin initialisé (version comptes webmail)
[20-Aug-2025 15:45:50 +0000]: <fvt46iao> Plugin dolibarr_autologin initialisé (version comptes webmail)
[20-Aug-2025 15:47:05 +0000]: <cc64ngs6> Plugin dolibarr_autologin initialisé (version comptes webmail)
[20-Aug-2025 15:47:40 +0000]: <bgt708c2> Plugin dolibarr_autologin initialisé (version comptes webmail)
[20-Aug-2025 15:48:35 +0000]: <a66coorr> Plugin dolibarr_autologin initialisé (version comptes webmail)
[20-Aug-2025 15:48:38 +0000]: <a66coorr> Plugin dolibarr_autologin initialisé (version comptes webmail)
[20-Aug-2025 15:50:36 +0000]: <7ijkevss> Plugin dolibarr_autologin initialisé (version comptes webmail)
[20-Aug-2025 15:50:38 +0000]: <7ijkevss> Plugin dolibarr_autologin initialisé (version comptes webmail)
[20-Aug-2025 15:52:00 +0000]: <iu10egrc> Plugin dolibarr_autologin initialisé (version comptes webmail)
[20-Aug-2025 15:52:03 +0000]: <iu10egrc> Plugin dolibarr_autologin initialisé (version comptes webmail)
[20-Aug-2025 15:52:04 +0000]: <iu10egrc> Plugin dolibarr_autologin initialisé (version comptes webmail)
[20-Aug-2025 15:52:06 +0000]: <iu10egrc> Plugin dolibarr_autologin initialisé (version comptes webmail)
[20-Aug-2025 15:52:07 +0000]: <lfvqkg83> Plugin dolibarr_autologin initialisé (version comptes webmail)
[20-Aug-2025 15:53:00 +0000]: <lfvqkg83> Plugin dolibarr_autologin initialisé (version comptes webmail)
[20-Aug-2025 15:53:02 +0000]: <lfvqkg83> Plugin dolibarr_autologin initialisé (version comptes webmail)
[20-Aug-2025 15:53:04 +0000]: <lfvqkg83> Plugin dolibarr_autologin initialisé (version comptes webmail)
[20-Aug-2025 15:53:42 +0000]: <lfvqkg83> Plugin dolibarr_autologin initialisé (version comptes webmail)
[20-Aug-2025 15:53:51 +0000]: <eam5pf2b> Plugin dolibarr_autologin initialisé (version comptes webmail)
[20-Aug-2025 15:53:54 +0000]: <eam5pf2b> Plugin dolibarr_autologin initialisé (version comptes webmail)
[20-Aug-2025 15:53:55 +0000]: <eam5pf2b> Plugin dolibarr_autologin initialisé (version comptes webmail)
[20-Aug-2025 15:53:57 +0000]: <eam5pf2b> Plugin dolibarr_autologin initialisé (version comptes webmail)
[20-Aug-2025 15:56:30 +0000]: <rhhd6q4f> Plugin dolibarr_autologin initialisé (version comptes webmail)
[20-Aug-2025 15:56:33 +0000]: <rhhd6q4f> Plugin dolibarr_autologin initialisé (version comptes webmail)
[20-Aug-2025 15:56:34 +0000]: <rhhd6q4f> Plugin dolibarr_autologin initialisé (version comptes webmail)
[20-Aug-2025 16:01:49 +0000]: <bdbogigc> Plugin dolibarr_autologin initialisé (version comptes webmail)
[20-Aug-2025 16:01:52 +0000]: <bdbogigc> Plugin dolibarr_autologin initialisé (version comptes webmail)
[20-Aug-2025 16:02:37 +0000]: <qread1c7> Plugin dolibarr_autologin initialisé (version comptes webmail)
[20-Aug-2025 16:04:08 +0000]: <qread1c7> Plugin dolibarr_autologin initialisé (version comptes webmail)
[20-Aug-2025 16:05:20 +0000]: <qread1c7> Plugin dolibarr_autologin initialisé (version comptes webmail)
[20-Aug-2025 16:05:56 +0000]: <qread1c7> Plugin dolibarr_autologin initialisé (version comptes webmail)
[20-Aug-2025 16:06:11 +0000]: <qread1c7> Plugin dolibarr_autologin initialisé (version comptes webmail)
[20-Aug-2025 16:07:25 +0000]: <qread1c7> Plugin dolibarr_autologin initialisé (version comptes webmail)
[20-Aug-2025 16:07:29 +0000]: <qread1c7> Plugin dolibarr_autologin initialisé (version comptes webmail)
[20-Aug-2025 16:07:34 +0000]: <qread1c7> Plugin dolibarr_autologin initialisé (version comptes webmail)
[20-Aug-2025 16:07:36 +0000]: <qread1c7> Plugin dolibarr_autologin initialisé (version comptes webmail)
[20-Aug-2025 16:07:37 +0000]: <qread1c7> Plugin dolibarr_autologin initialisé (version comptes webmail)
[20-Aug-2025 16:07:46 +0000]: <qread1c7> Plugin dolibarr_autologin initialisé (version comptes webmail)
[20-Aug-2025 16:07:49 +0000]: <qread1c7> Plugin dolibarr_autologin initialisé (version comptes webmail)
[20-Aug-2025 16:07:49 +0000]: <qread1c7> Plugin dolibarr_autologin initialisé (version comptes webmail)
[20-Aug-2025 16:07:53 +0000]: <qread1c7> Plugin dolibarr_autologin initialisé (version comptes webmail)
[20-Aug-2025 16:07:55 +0000]: <qread1c7> Plugin dolibarr_autologin initialisé (version comptes webmail)
[20-Aug-2025 16:07:56 +0000]: <qread1c7> Plugin dolibarr_autologin initialisé (version comptes webmail)
[20-Aug-2025 16:07:59 +0000]: <qread1c7> Plugin dolibarr_autologin initialisé (version comptes webmail)
[20-Aug-2025 16:09:09 +0000]: <h833g3pn> Plugin dolibarr_autologin initialisé (version comptes webmail)
[20-Aug-2025 16:09:12 +0000]: <h833g3pn> Plugin dolibarr_autologin initialisé (version comptes webmail)
[20-Aug-2025 16:09:14 +0000]: <h833g3pn> Plugin dolibarr_autologin initialisé (version comptes webmail)
[20-Aug-2025 16:09:29 +0000]: <h833g3pn> Plugin dolibarr_autologin initialisé (version comptes webmail)
[20-Aug-2025 16:09:31 +0000]: <h833g3pn> Plugin dolibarr_autologin initialisé (version comptes webmail)
[20-Aug-2025 16:09:33 +0000]: <h833g3pn> Plugin dolibarr_autologin initialisé (version comptes webmail)
[20-Aug-2025 16:31:11 +0000]: <h833g3pn> Plugin dolibarr_autologin initialisé (version comptes webmail)
[20-Aug-2025 16:31:13 +0000]: <h833g3pn> Plugin dolibarr_autologin initialisé (version comptes webmail)
[20-Aug-2025 16:31:41 +0000]: <h833g3pn> Plugin dolibarr_autologin initialisé (version comptes webmail)
[20-Aug-2025 16:31:57 +0000]: <h833g3pn> Plugin dolibarr_autologin initialisé (version comptes webmail)
[20-Aug-2025 16:31:59 +0000]: <h833g3pn> Plugin dolibarr_autologin initialisé (version comptes webmail)
[20-Aug-2025 16:33:00 +0000]: <t17llmvu> Plugin dolibarr_autologin initialisé (version comptes webmail)
[20-Aug-2025 16:33:02 +0000]: <t17llmvu> Plugin dolibarr_autologin initialisé (version comptes webmail)
[20-Aug-2025 16:33:03 +0000]: <t17llmvu> Plugin dolibarr_autologin initialisé (version comptes webmail)
[20-Aug-2025 16:33:05 +0000]: <t17llmvu> Plugin dolibarr_autologin initialisé (version comptes webmail)
[20-Aug-2025 16:33:22 +0000]: <fc70cd4t> Plugin dolibarr_autologin initialisé (version comptes webmail)
[20-Aug-2025 16:33:28 +0000]: <fc70cd4t> Plugin dolibarr_autologin initialisé (version comptes webmail)
[20-Aug-2025 16:35:05 +0000]: <i38v8qe2> Plugin dolibarr_autologin initialisé (version comptes webmail)
[20-Aug-2025 16:35:40 +0000]: <i38v8qe2> Plugin dolibarr_autologin initialisé (version comptes webmail)
[20-Aug-2025 16:37:00 +0000]: <i38v8qe2> Plugin dolibarr_autologin initialisé (version comptes webmail)
[20-Aug-2025 16:37:05 +0000]: <i38v8qe2> Plugin dolibarr_autologin initialisé (version comptes webmail)
[20-Aug-2025 16:37:07 +0000]: <i38v8qe2> Plugin dolibarr_autologin initialisé (version comptes webmail)
[20-Aug-2025 16:47:51 +0000]: <q26em3jr> Plugin dolibarr_autologin initialisé (version comptes webmail)
[20-Aug-2025 16:47:54 +0000]: <q26em3jr> Plugin dolibarr_autologin initialisé (version comptes webmail)
[20-Aug-2025 16:47:55 +0000]: <q26em3jr> Plugin dolibarr_autologin initialisé (version comptes webmail)
[20-Aug-2025 16:54:48 +0000]: <q26em3jr> Plugin dolibarr_autologin initialisé (version comptes webmail)
[20-Aug-2025 16:54:51 +0000]: <q26em3jr> Plugin dolibarr_autologin initialisé (version comptes webmail)
[20-Aug-2025 16:54:55 +0000]: <lesrtfbf> Plugin dolibarr_autologin initialisé (version comptes webmail)
[20-Aug-2025 16:57:56 +0000]: <lesrtfbf> Plugin dolibarr_autologin initialisé (version comptes webmail)
[20-Aug-2025 16:58:02 +0000]: <lesrtfbf> Plugin dolibarr_autologin initialisé (version comptes webmail)
[20-Aug-2025 17:08:22 +0000]: <lesrtfbf> Plugin dolibarr_autologin initialisé (version comptes webmail)
[20-Aug-2025 17:10:54 +0000]: <0l7ms808> Plugin dolibarr_autologin initialisé (version comptes webmail)
[20-Aug-2025 17:11:03 +0000]: <0l7ms808> Plugin dolibarr_autologin initialisé (version comptes webmail)
[20-Aug-2025 17:11:04 +0000]: <0l7ms808> Plugin dolibarr_autologin initialisé (version comptes webmail)
[20-Aug-2025 17:11:04 +0000]: <0l7ms808> Tentative autologin pour: procedure@accens-avocats.com, token: M18xNzU1NzA5ODYzMDk5, account: 3
[20-Aug-2025 17:11:04 +0000]: <0l7ms808> Paramètres autologin configurés pour: procedure@accens-avocats.com (compte: 3)
[20-Aug-2025 17:11:04 +0000]: <0l7ms808> Authentification autologin pour: procedure@accens-avocats.com (compte: 3)
[20-Aug-2025 17:11:04 +0000]: <0l7ms808> Compte webmail trouvé: procedure@accens-avocats.com (ID: 3)
[20-Aug-2025 17:11:04 +0000]: <0l7ms808> Utilisateur Roundcube existant: procedure@accens-avocats.com (ID: 4)
[20-Aug-2025 17:11:04 +0000]: <0l7ms808> Autologin réussi pour: procedure@accens-avocats.com vers ssl://mail.accens-avocats.com:993
[20-Aug-2025 17:11:18 +0000]: <0l7ms808> Plugin dolibarr_autologin initialisé (version comptes webmail)
[20-Aug-2025 17:11:54 +0000]: <0l7ms808> Plugin dolibarr_autologin initialisé (version comptes webmail)
[20-Aug-2025 17:12:04 +0000]: <0l7ms808> Plugin dolibarr_autologin initialisé (version comptes webmail)
[20-Aug-2025 17:12:04 +0000]: <0l7ms808> Tentative autologin pour: john@company.com, token: abc123, account: 5
[20-Aug-2025 17:12:04 +0000]: <0l7ms808> Paramètres autologin configurés pour: john@company.com (compte: 5)
[20-Aug-2025 17:12:04 +0000]: <0l7ms808> Authentification autologin pour: john@company.com (compte: 5)
[20-Aug-2025 17:12:04 +0000]: <0l7ms808> Aucun compte webmail trouvé pour: john@company.com (ID: 5)
[20-Aug-2025 17:12:41 +0000]: <0l7ms808> Plugin dolibarr_autologin initialisé (version comptes webmail)
[20-Aug-2025 17:12:41 +0000]: <0l7ms808> Tentative autologin pour: email, token: token, account: 123
[20-Aug-2025 17:12:41 +0000]: <0l7ms808> Paramètres autologin configurés pour: email (compte: 123)
[20-Aug-2025 17:12:41 +0000]: <0l7ms808> Authentification autologin pour: email (compte: 123)
[20-Aug-2025 17:12:41 +0000]: <0l7ms808> Aucun compte webmail trouvé pour: email (ID: 123)
[20-Aug-2025 17:14:22 +0000]: <0l7ms808> Plugin dolibarr_autologin initialisé (version comptes webmail)
[20-Aug-2025 17:14:26 +0000]: <0l7ms808> Plugin dolibarr_autologin initialisé (version comptes webmail)
[20-Aug-2025 17:14:27 +0000]: <0l7ms808> Plugin dolibarr_autologin initialisé (version comptes webmail)
[20-Aug-2025 17:14:27 +0000]: <0l7ms808> Tentative autologin pour: procedure@accens-avocats.com, token: M18xNzU1NzEwMDY1Njkx, account: 3
[20-Aug-2025 17:14:27 +0000]: <0l7ms808> Paramètres autologin configurés pour: procedure@accens-avocats.com (compte: 3)
[20-Aug-2025 17:14:27 +0000]: <0l7ms808> Authentification autologin pour: procedure@accens-avocats.com (compte: 3)
[20-Aug-2025 17:14:30 +0000]: <0l7ms808> Erreur DB autologin: SQLSTATE[HY000] [2002] php_network_getaddresses: getaddrinfo for host failed: Hte inconnu. 
[20-Aug-2025 21:17:32 +0000]: <0l7ms808> Plugin dolibarr_autologin initialisé (version comptes webmail)
[20-Aug-2025 21:17:37 +0000]: <0l7ms808> Plugin dolibarr_autologin initialisé (version comptes webmail)
[20-Aug-2025 21:17:41 +0000]: <m0sir5t9> Plugin dolibarr_autologin initialisé (version comptes webmail)
[20-Aug-2025 21:17:58 +0000]: <m0sir5t9> Plugin dolibarr_autologin initialisé (version comptes webmail)
[20-Aug-2025 21:31:19 +0000]: <m0sir5t9> Plugin dolibarr_autologin initialisé (version comptes webmail)
[20-Aug-2025 21:32:02 +0000]: <7v5mqmou> Plugin dolibarr_autologin initialisé (version comptes webmail)
[20-Aug-2025 21:32:02 +0000]: <7v5mqmou> Tentative autologin pour: pierre.naitali@accens-avocats.com, token: Ml8xNzU1NzI1NTIx, account: 2
[20-Aug-2025 21:32:02 +0000]: <7v5mqmou> Paramètres autologin configurés pour: pierre.naitali@accens-avocats.com (compte: 2)
[20-Aug-2025 21:32:02 +0000]: <7v5mqmou> Authentification autologin pour: pierre.naitali@accens-avocats.com (compte: 2)
[20-Aug-2025 21:32:04 +0000]: <7v5mqmou> Erreur DB autologin: SQLSTATE[HY000] [2002] php_network_getaddresses: getaddrinfo for host failed: Hte inconnu. 
[20-Aug-2025 21:36:12 +0000]: <7v5mqmou> Plugin dolibarr_autologin initialisé (version comptes webmail)
[20-Aug-2025 21:36:12 +0000]: <7v5mqmou> Tentative autologin pour: pierre.naitali@accens-avocats.com, token: Ml8xNzU1NzI1Nzcx, account: 2
[20-Aug-2025 21:36:12 +0000]: <7v5mqmou> Paramètres autologin configurés pour: pierre.naitali@accens-avocats.com (compte: 2)
[20-Aug-2025 21:36:12 +0000]: <7v5mqmou> Authentification autologin pour: pierre.naitali@accens-avocats.com (compte: 2)
[20-Aug-2025 21:36:14 +0000]: <7v5mqmou> Erreur DB autologin: SQLSTATE[HY000] [2002] php_network_getaddresses: getaddrinfo for host failed: Hte inconnu. 
[20-Aug-2025 21:36:18 +0000]: <7v5mqmou> Plugin dolibarr_autologin initialisé (version comptes webmail)
[20-Aug-2025 21:36:19 +0000]: <7v5mqmou> Plugin dolibarr_autologin initialisé (version comptes webmail)
[20-Aug-2025 21:36:19 +0000]: <7v5mqmou> Tentative autologin pour: procedure@accens-avocats.com, token: M18xNzU1NzI1Nzc3NTY4, account: 3
[20-Aug-2025 21:36:19 +0000]: <7v5mqmou> Paramètres autologin configurés pour: procedure@accens-avocats.com (compte: 3)
[20-Aug-2025 21:36:19 +0000]: <7v5mqmou> Authentification autologin pour: procedure@accens-avocats.com (compte: 3)
[20-Aug-2025 21:36:21 +0000]: <7v5mqmou> Erreur DB autologin: SQLSTATE[HY000] [2002] php_network_getaddresses: getaddrinfo for host failed: Hte inconnu. 
[20-Aug-2025 21:36:29 +0000]: <7v5mqmou> Plugin dolibarr_autologin initialisé (version comptes webmail)
[20-Aug-2025 21:36:30 +0000]: <7v5mqmou> Plugin dolibarr_autologin initialisé (version comptes webmail)
[20-Aug-2025 21:36:30 +0000]: <7v5mqmou> Tentative autologin pour: pierre.naitali@accens-avocats.com, token: Ml8xNzU1NzI1Nzg4NzYw, account: 2
[20-Aug-2025 21:36:30 +0000]: <7v5mqmou> Paramètres autologin configurés pour: pierre.naitali@accens-avocats.com (compte: 2)
[20-Aug-2025 21:36:30 +0000]: <7v5mqmou> Authentification autologin pour: pierre.naitali@accens-avocats.com (compte: 2)
[20-Aug-2025 21:36:33 +0000]: <7v5mqmou> Erreur DB autologin: SQLSTATE[HY000] [2002] php_network_getaddresses: getaddrinfo for host failed: Hte inconnu. 
[20-Aug-2025 21:36:37 +0000]: <7v5mqmou> Plugin dolibarr_autologin initialisé (version comptes webmail)
[20-Aug-2025 21:36:38 +0000]: <7v5mqmou> Plugin dolibarr_autologin initialisé (version comptes webmail)
[20-Aug-2025 21:36:38 +0000]: <7v5mqmou> Tentative autologin pour: procedure@accens-avocats.com, token: M18xNzU1NzI1Nzk3MjI5, account: 3
[20-Aug-2025 21:36:38 +0000]: <7v5mqmou> Paramètres autologin configurés pour: procedure@accens-avocats.com (compte: 3)
[20-Aug-2025 21:36:38 +0000]: <7v5mqmou> Authentification autologin pour: procedure@accens-avocats.com (compte: 3)
[20-Aug-2025 21:36:41 +0000]: <7v5mqmou> Erreur DB autologin: SQLSTATE[HY000] [2002] php_network_getaddresses: getaddrinfo for host failed: Hte inconnu. 
[20-Aug-2025 21:38:06 +0000]: <7v5mqmou> Plugin dolibarr_autologin initialisé (version comptes webmail)
[20-Aug-2025 21:38:06 +0000]: <7v5mqmou> Tentative autologin pour: pierre.naitali@accens-avocats.com, token: Ml8xNzU1NzI1ODg2, account: 2
[20-Aug-2025 21:38:06 +0000]: <7v5mqmou> Paramètres autologin configurés pour: pierre.naitali@accens-avocats.com (compte: 2)
[20-Aug-2025 21:38:06 +0000]: <7v5mqmou> Authentification autologin pour: pierre.naitali@accens-avocats.com (compte: 2)
[20-Aug-2025 21:38:09 +0000]: <7v5mqmou> Erreur DB autologin: SQLSTATE[HY000] [2002] php_network_getaddresses: getaddrinfo for host failed: Hte inconnu. 
[20-Aug-2025 21:38:14 +0000]: <7v5mqmou> Plugin dolibarr_autologin initialisé (version comptes webmail)
[20-Aug-2025 21:38:15 +0000]: <7v5mqmou> Plugin dolibarr_autologin initialisé (version comptes webmail)
[20-Aug-2025 21:38:15 +0000]: <7v5mqmou> Tentative autologin pour: procedure@accens-avocats.com, token: M18xNzU1NzI1ODkzODEz, account: 3
[20-Aug-2025 21:38:15 +0000]: <7v5mqmou> Paramètres autologin configurés pour: procedure@accens-avocats.com (compte: 3)
[20-Aug-2025 21:38:15 +0000]: <7v5mqmou> Authentification autologin pour: procedure@accens-avocats.com (compte: 3)
[20-Aug-2025 21:38:18 +0000]: <7v5mqmou> Erreur DB autologin: SQLSTATE[HY000] [2002] php_network_getaddresses: getaddrinfo for host failed: Hte inconnu. 
[20-Aug-2025 21:43:19 +0000]: <7v5mqmou> Plugin dolibarr_autologin initialisé (version comptes webmail)
[20-Aug-2025 21:43:19 +0000]: <7v5mqmou> Tentative autologin pour: pierre.naitali@accens-avocats.com, token: Ml8xNzU1NzI2MTk5, account: 2
[20-Aug-2025 21:43:19 +0000]: <7v5mqmou> Paramètres autologin configurés pour: pierre.naitali@accens-avocats.com (compte: 2)
[20-Aug-2025 21:43:19 +0000]: <7v5mqmou> Authentification autologin pour: pierre.naitali@accens-avocats.com (compte: 2)
[20-Aug-2025 21:43:22 +0000]: <7v5mqmou> Erreur DB autologin: SQLSTATE[HY000] [2002] php_network_getaddresses: getaddrinfo for host failed: Hte inconnu. 
[20-Aug-2025 21:43:24 +0000]: <7v5mqmou> Plugin dolibarr_autologin initialisé (version comptes webmail)
[20-Aug-2025 21:43:29 +0000]: <jmuvs21m> Plugin dolibarr_autologin initialisé (version comptes webmail)
[20-Aug-2025 21:47:35 +0000]: <jmuvs21m> Plugin dolibarr_autologin initialisé (version comptes webmail)
[20-Aug-2025 21:48:21 +0000]: <feqehvr1> Plugin dolibarr_autologin initialisé (version comptes webmail)
[20-Aug-2025 21:48:21 +0000]: <feqehvr1> Tentative autologin pour: pierre.naitali@accens-avocats.com, token: Ml8xNzU1NzI2NTAx, account: 2
[20-Aug-2025 21:48:21 +0000]: <feqehvr1> Paramètres autologin configurés pour: pierre.naitali@accens-avocats.com (compte: 2)
[20-Aug-2025 21:48:21 +0000]: <feqehvr1> Authentification autologin pour: pierre.naitali@accens-avocats.com (compte: 2)
[20-Aug-2025 21:48:21 +0000]: <feqehvr1> Compte webmail trouvé: pierre.naitali@accens-avocats.com (ID: 2)
[20-Aug-2025 21:48:21 +0000]: <feqehvr1> Utilisateur Roundcube existant: pierre.naitali@accens-avocats.com (ID: 1)
[20-Aug-2025 21:48:21 +0000]: <feqehvr1> Autologin réussi pour: pierre.naitali@accens-avocats.com vers ssl://sucralose.o2switch.net:993
[20-Aug-2025 21:48:28 +0000]: <0lsmk03g> Plugin dolibarr_autologin initialisé (version comptes webmail)
[20-Aug-2025 21:48:28 +0000]: <0lsmk03g> Tentative autologin pour: pierre.naitali@accens-avocats.com, token: Ml8xNzU1NzI2NTAx, account: 2
[20-Aug-2025 21:48:28 +0000]: <0lsmk03g> Paramètres autologin configurés pour: pierre.naitali@accens-avocats.com (compte: 2)
[20-Aug-2025 21:48:28 +0000]: <0lsmk03g> Authentification autologin pour: pierre.naitali@accens-avocats.com (compte: 2)
[20-Aug-2025 21:48:28 +0000]: <0lsmk03g> Compte webmail trouvé: pierre.naitali@accens-avocats.com (ID: 2)
[20-Aug-2025 21:48:28 +0000]: <0lsmk03g> Utilisateur Roundcube existant: pierre.naitali@accens-avocats.com (ID: 1)
[20-Aug-2025 21:48:28 +0000]: <0lsmk03g> Autologin réussi pour: pierre.naitali@accens-avocats.com vers ssl://sucralose.o2switch.net:993
[20-Aug-2025 21:56:49 +0000]: <jmuvs21m> Plugin dolibarr_autologin initialisé (version comptes webmail)
[20-Aug-2025 21:56:55 +0000]: <jmuvs21m> Plugin dolibarr_autologin initialisé (version comptes webmail)
[20-Aug-2025 21:57:52 +0000]: <jmuvs21m> Plugin dolibarr_autologin initialisé (version comptes webmail)
[20-Aug-2025 21:57:56 +0000]: <jmuvs21m> Plugin dolibarr_autologin initialisé (version comptes webmail)
[20-Aug-2025 21:57:59 +0000]: <jmuvs21m> Plugin dolibarr_autologin initialisé (version comptes webmail)
[20-Aug-2025 21:58:02 +0000]: <jmuvs21m> Plugin dolibarr_autologin initialisé (version comptes webmail)
[20-Aug-2025 21:58:19 +0000]: <jmuvs21m> Plugin dolibarr_autologin initialisé (version comptes webmail)
[20-Aug-2025 21:58:22 +0000]: <jmuvs21m> Plugin dolibarr_autologin initialisé (version comptes webmail)
